[main] INFO Election - Starting test 1: 1 Proposer, all members respond instantly.
[main] INFO Election - M1 started listening on port 5001...
[main] INFO Election - M2 started listening on port 5002...
[main] INFO Election - M3 started listening on port 5003...
[main] INFO Election - M4 started listening on port 5004...
[main] INFO Election - M5 started listening on port 5005...
[main] INFO Election - M6 started listening on port 5006...
[main] INFO Election - M7 started listening on port 5007...
[main] INFO Election - M8 started listening on port 5008...
[main] INFO Election - M9 started listening on port 5009...
Member M6 broadcasting PREPARE message, proposal number: 1
[Thread-0] INFO Election - M1 is working. Responding: true
[Thread-0] INFO Election - M1 received message: {"Sender-ID": "M6", "Message-Type": "Prepare", "Proposal-Number": "1", "Candidate": "null"}
[pool-1-thread-1] INFO Election - Current max proposal: 1
[pool-1-thread-1] INFO Election - M1 sending PROMISE message to M6, proposal number: 1
[Thread-1] INFO Election - M6 is working. Responding: true
[Thread-1] INFO Election - M6 received message: {"Sender-ID": "M1", "Message-Type": "Promise", "Proposal-Number": "1", "Candidate": "null"}
[pool-1-thread-2] INFO Election - M6 received PROMISE message from M1, with candidate: null
[Thread-2] INFO Election - M2 is working. Responding: true
[Thread-2] INFO Election - M2 received message: {"Sender-ID": "M6", "Message-Type": "Prepare", "Proposal-Number": "1", "Candidate": "null"}
[pool-1-thread-3] INFO Election - Current max proposal: 1
[pool-1-thread-3] INFO Election - M2 sending PROMISE message to M6, proposal number: 1
[Thread-3] INFO Election - M6 is working. Responding: true
[Thread-3] INFO Election - M6 received message: {"Sender-ID": "M2", "Message-Type": "Promise", "Proposal-Number": "1", "Candidate": "null"}
[pool-1-thread-4] INFO Election - M6 received PROMISE message from M2, with candidate: null
[Thread-4] INFO Election - M3 is working. Responding: true
[Thread-4] INFO Election - M3 received message: {"Sender-ID": "M6", "Message-Type": "Prepare", "Proposal-Number": "1", "Candidate": "null"}
[pool-1-thread-5] INFO Election - Current max proposal: 1
[pool-1-thread-5] INFO Election - M3 sending PROMISE message to M6, proposal number: 1
[Thread-5] INFO Election - M6 is working. Responding: true
[Thread-5] INFO Election - M6 received message: {"Sender-ID": "M3", "Message-Type": "Promise", "Proposal-Number": "1", "Candidate": "null"}
[pool-1-thread-6] INFO Election - M6 received PROMISE message from M3, with candidate: null
[Thread-6] INFO Election - M4 is working. Responding: true
[Thread-6] INFO Election - M4 received message: {"Sender-ID": "M6", "Message-Type": "Prepare", "Proposal-Number": "1", "Candidate": "null"}
[pool-1-thread-7] INFO Election - Current max proposal: 1
[pool-1-thread-7] INFO Election - M4 sending PROMISE message to M6, proposal number: 1
[Thread-7] INFO Election - M6 is working. Responding: true
[Thread-7] INFO Election - M6 received message: {"Sender-ID": "M4", "Message-Type": "Promise", "Proposal-Number": "1", "Candidate": "null"}
[pool-1-thread-8] INFO Election - M6 received PROMISE message from M4, with candidate: null
[Thread-8] INFO Election - M5 is working. Responding: true
[Thread-8] INFO Election - M5 received message: {"Sender-ID": "M6", "Message-Type": "Prepare", "Proposal-Number": "1", "Candidate": "null"}
[pool-1-thread-9] INFO Election - Current max proposal: 1
[pool-1-thread-9] INFO Election - M5 sending PROMISE message to M6, proposal number: 1
[Thread-9] INFO Election - M6 is working. Responding: true
[Thread-9] INFO Election - M6 received message: {"Sender-ID": "M5", "Message-Type": "Promise", "Proposal-Number": "1", "Candidate": "null"}
[pool-1-thread-10] INFO Election - M6 received PROMISE message from M5, with candidate: null
[pool-1-thread-10] INFO Election - Current candidate: M1
[pool-1-thread-10] INFO Election - candidate: null
[pool-1-thread-10] INFO Election - candidate: null
[pool-1-thread-10] INFO Election - candidate: null
[pool-1-thread-10] INFO Election - candidate: null
[pool-1-thread-10] INFO Election - candidate: null
[pool-1-thread-10] INFO Election - M6 selected candidate M1 for proposal.
[pool-1-thread-10] INFO Election - Member: M6, Proposal: 1, Candidate: M1
[pool-1-thread-10] INFO Election - M6 broadcasting PROPOSE message, proposal number: 1, candidate: M1
[Thread-10] INFO Election - M1 is working. Responding: true
[Thread-10] INFO Election - M1 received message: {"Sender-ID": "M6", "Message-Type": "Propose", "Proposal-Number": "1", "Candidate": "M1"}
[pool-1-thread-2] INFO Election - M1 broadcasting ACCEPT message, proposal number: 1, candidate: M1
[Thread-11] INFO Election - M2 is working. Responding: true
[Thread-11] INFO Election - M2 received message: {"Sender-ID": "M1", "Message-Type": "Accept", "Proposal-Number": "1", "Candidate": "M1"}
[Thread-12] INFO Election - M7 is working. Responding: true
[Thread-12] INFO Election - M7 received message: {"Sender-ID": "M6", "Message-Type": "Prepare", "Proposal-Number": "1", "Candidate": "null"}
[pool-1-thread-1] INFO Election - Current max proposal: 1
[pool-1-thread-1] INFO Election - M7 sending PROMISE message to M6, proposal number: 1
[Thread-13] INFO Election - M6 is working. Responding: true
[Thread-13] INFO Election - M6 received message: {"Sender-ID": "M7", "Message-Type": "Promise", "Proposal-Number": "1", "Candidate": "null"}
[Thread-14] INFO Election - M2 is working. Responding: true
[Thread-14] INFO Election - M2 received message: {"Sender-ID": "M6", "Message-Type": "Propose", "Proposal-Number": "1", "Candidate": "M1"}
[pool-1-thread-6] INFO Election - M2 broadcasting ACCEPT message, proposal number: 1, candidate: M1
[Thread-15] INFO Election - M3 is working. Responding: true
[Thread-15] INFO Election - M3 received message: {"Sender-ID": "M1", "Message-Type": "Accept", "Proposal-Number": "1", "Candidate": "M1"}
[Thread-16] INFO Election - M1 is working. Responding: true
[Thread-16] INFO Election - M1 received message: {"Sender-ID": "M2", "Message-Type": "Accept", "Proposal-Number": "1", "Candidate": "M1"}
[Thread-17] INFO Election - M8 is working. Responding: true
[Thread-17] INFO Election - M8 received message: {"Sender-ID": "M6", "Message-Type": "Prepare", "Proposal-Number": "1", "Candidate": "null"}
[pool-1-thread-1] INFO Election - Current max proposal: 1
[pool-1-thread-1] INFO Election - M8 sending PROMISE message to M6, proposal number: 1
[Thread-18] INFO Election - M6 is working. Responding: true
[Thread-18] INFO Election - M6 received message: {"Sender-ID": "M8", "Message-Type": "Promise", "Proposal-Number": "1", "Candidate": "null"}
[Thread-20] INFO Election - M4 is working. Responding: true
[Thread-19] INFO Election - M3 is working. Responding: true
[Thread-20] INFO Election - M4 received message: {"Sender-ID": "M1", "Message-Type": "Accept", "Proposal-Number": "1", "Candidate": "M1"}
[Thread-19] INFO Election - M3 received message: {"Sender-ID": "M6", "Message-Type": "Propose", "Proposal-Number": "1", "Candidate": "M1"}
[pool-1-thread-9] INFO Election - M3 broadcasting ACCEPT message, proposal number: 1, candidate: M1
[Thread-21] INFO Election - M3 is working. Responding: true
[Thread-21] INFO Election - M3 received message: {"Sender-ID": "M2", "Message-Type": "Accept", "Proposal-Number": "1", "Candidate": "M1"}
[Thread-22] INFO Election - M1 is working. Responding: true
[Thread-22] INFO Election - M1 received message: {"Sender-ID": "M3", "Message-Type": "Accept", "Proposal-Number": "1", "Candidate": "M1"}
[Thread-23] INFO Election - M9 is working. Responding: true
[Thread-23] INFO Election - M9 received message: {"Sender-ID": "M6", "Message-Type": "Prepare", "Proposal-Number": "1", "Candidate": "null"}
[pool-1-thread-5] INFO Election - Current max proposal: 1
[pool-1-thread-5] INFO Election - M9 sending PROMISE message to M6, proposal number: 1
[Thread-24] INFO Election - M6 is working. Responding: true
[Thread-24] INFO Election - M6 received message: {"Sender-ID": "M9", "Message-Type": "Promise", "Proposal-Number": "1", "Candidate": "null"}
[Thread-26] INFO Election - M5 is working. Responding: true
[Thread-25] INFO Election - M4 is working. Responding: true
[Thread-26] INFO Election - M5 received message: {"Sender-ID": "M1", "Message-Type": "Accept", "Proposal-Number": "1", "Candidate": "M1"}
[Thread-25] INFO Election - M4 received message: {"Sender-ID": "M6", "Message-Type": "Propose", "Proposal-Number": "1", "Candidate": "M1"}
[pool-1-thread-7] INFO Election - M4 broadcasting ACCEPT message, proposal number: 1, candidate: M1
[Thread-27] INFO Election - M4 is working. Responding: true
[Thread-27] INFO Election - M4 received message: {"Sender-ID": "M2", "Message-Type": "Accept", "Proposal-Number": "1", "Candidate": "M1"}
[Thread-28] INFO Election - M2 is working. Responding: true
[Thread-28] INFO Election - M2 received message: {"Sender-ID": "M3", "Message-Type": "Accept", "Proposal-Number": "1", "Candidate": "M1"}
[Thread-29] INFO Election - M1 is working. Responding: true
[Thread-29] INFO Election - M1 received message: {"Sender-ID": "M4", "Message-Type": "Accept", "Proposal-Number": "1", "Candidate": "M1"}
[Thread-30] INFO Election - M6 is working. Responding: true
[Thread-31] INFO Election - M5 is working. Responding: true
[Thread-30] INFO Election - M6 received message: {"Sender-ID": "M1", "Message-Type": "Accept", "Proposal-Number": "1", "Candidate": "M1"}
[Thread-32] INFO Election - M4 is working. Responding: true
[Thread-33] INFO Election - M5 is working. Responding: true
[Thread-31] INFO Election - M5 received message: {"Sender-ID": "M6", "Message-Type": "Propose", "Proposal-Number": "1", "Candidate": "M1"}
[Thread-32] INFO Election - M4 received message: {"Sender-ID": "M3", "Message-Type": "Accept", "Proposal-Number": "1", "Candidate": "M1"}
[Thread-33] INFO Election - M5 received message: {"Sender-ID": "M2", "Message-Type": "Accept", "Proposal-Number": "1", "Candidate": "M1"}
[pool-1-thread-5] INFO Election - M5 broadcasting ACCEPT message, proposal number: 1, candidate: M1
[Thread-34] INFO Election - M2 is working. Responding: true
[Thread-35] INFO Election - M1 is working. Responding: true
[Thread-34] INFO Election - M2 received message: {"Sender-ID": "M4", "Message-Type": "Accept", "Proposal-Number": "1", "Candidate": "M1"}
[Thread-35] INFO Election - M1 received message: {"Sender-ID": "M5", "Message-Type": "Accept", "Proposal-Number": "1", "Candidate": "M1"}
[Thread-38] INFO Election - M7 is working. Responding: true
[Thread-36] INFO Election - M5 is working. Responding: true
[Thread-37] INFO Election - M6 is working. Responding: true
[Thread-39] INFO Election - M7 is working. Responding: true
[Thread-37] INFO Election - M6 received message: {"Sender-ID": "M2", "Message-Type": "Accept", "Proposal-Number": "1", "Candidate": "M1"}
[Thread-39] INFO Election - M7 received message: {"Sender-ID": "M6", "Message-Type": "Propose", "Proposal-Number": "1", "Candidate": "M1"}
[Thread-36] INFO Election - M5 received message: {"Sender-ID": "M3", "Message-Type": "Accept", "Proposal-Number": "1", "Candidate": "M1"}
[Thread-40] INFO Election - M3 is working. Responding: true
[Thread-38] INFO Election - M7 received message: {"Sender-ID": "M1", "Message-Type": "Accept", "Proposal-Number": "1", "Candidate": "M1"}
[Thread-40] INFO Election - M3 received message: {"Sender-ID": "M4", "Message-Type": "Accept", "Proposal-Number": "1", "Candidate": "M1"}
[pool-1-thread-1] INFO Election - M7 broadcasting ACCEPT message, proposal number: 1, candidate: M1
[Thread-41] INFO Election - M2 is working. Responding: true
[Thread-41] INFO Election - M2 received message: {"Sender-ID": "M5", "Message-Type": "Accept", "Proposal-Number": "1", "Candidate": "M1"}
[Thread-42] INFO Election - M1 is working. Responding: true
[Thread-42] INFO Election - M1 received message: {"Sender-ID": "M7", "Message-Type": "Accept", "Proposal-Number": "1", "Candidate": "M1"}
[Thread-45] INFO Election - M3 is working. Responding: true
[Thread-47] INFO Election - M6 is working. Responding: true
[Thread-48] INFO Election - M8 is working. Responding: true
[Thread-47] INFO Election - M6 received message: {"Sender-ID": "M3", "Message-Type": "Accept", "Proposal-Number": "1", "Candidate": "M1"}
[Thread-44] INFO Election - M5 is working. Responding: true
[Thread-46] INFO Election - M8 is working. Responding: true
[Thread-44] INFO Election - M5 received message: {"Sender-ID": "M4", "Message-Type": "Accept", "Proposal-Number": "1", "Candidate": "M1"}
[Thread-43] INFO Election - M7 is working. Responding: true
[Thread-46] INFO Election - M8 received message: {"Sender-ID": "M1", "Message-Type": "Accept", "Proposal-Number": "1", "Candidate": "M1"}
[Thread-43] INFO Election - M7 received message: {"Sender-ID": "M2", "Message-Type": "Accept", "Proposal-Number": "1", "Candidate": "M1"}
[Thread-48] INFO Election - M8 received message: {"Sender-ID": "M6", "Message-Type": "Propose", "Proposal-Number": "1", "Candidate": "M1"}
[Thread-45] INFO Election - M3 received message: {"Sender-ID": "M5", "Message-Type": "Accept", "Proposal-Number": "1", "Candidate": "M1"}
[Thread-49] INFO Election - M2 is working. Responding: true
[Thread-49] INFO Election - M2 received message: {"Sender-ID": "M7", "Message-Type": "Accept", "Proposal-Number": "1", "Candidate": "M1"}
[Thread-51] INFO Election - M4 is working. Responding: true
[Thread-52] INFO Election - M8 is working. Responding: true
[Thread-51] INFO Election - M4 received message: {"Sender-ID": "M5", "Message-Type": "Accept", "Proposal-Number": "1", "Candidate": "M1"}
[Thread-52] INFO Election - M8 received message: {"Sender-ID": "M2", "Message-Type": "Accept", "Proposal-Number": "1", "Candidate": "M1"}
[Thread-50] INFO Election - M6 is working. Responding: true
[Thread-53] INFO Election - M9 is working. Responding: true
[Thread-54] INFO Election - M7 is working. Responding: true
[Thread-50] INFO Election - M6 received message: {"Sender-ID": "M4", "Message-Type": "Accept", "Proposal-Number": "1", "Candidate": "M1"}
[Thread-53] INFO Election - M9 received message: {"Sender-ID": "M6", "Message-Type": "Propose", "Proposal-Number": "1", "Candidate": "M1"}
[Thread-55] INFO Election - M3 is working. Responding: true
[Thread-54] INFO Election - M7 received message: {"Sender-ID": "M3", "Message-Type": "Accept", "Proposal-Number": "1", "Candidate": "M1"}
[Thread-55] INFO Election - M3 received message: {"Sender-ID": "M7", "Message-Type": "Accept", "Proposal-Number": "1", "Candidate": "M1"}
[Thread-56] INFO Election - M9 is working. Responding: true
[Thread-56] INFO Election - M9 received message: {"Sender-ID": "M1", "Message-Type": "Accept", "Proposal-Number": "1", "Candidate": "M1"}
[pool-1-thread-8] INFO Election - M6 received PROMISE message from M9, with candidate: null
[pool-1-thread-2] INFO Election - M8 broadcasting ACCEPT message, proposal number: 1, candidate: M1
[pool-1-thread-4] INFO Election - M6 received PROMISE message from M8, with candidate: null
[pool-1-thread-4] INFO Election - M9 broadcasting ACCEPT message, proposal number: 1, candidate: M1
[pool-1-thread-3] INFO Election - M6 received PROMISE message from M7, with candidate: null
[Thread-58] INFO Election - M7 is working. Responding: true
[Thread-57] INFO Election - M6 is working. Responding: true
[Thread-59] INFO Election - M4 is working. Responding: true
[Thread-60] INFO Election - M9 is working. Responding: true
[Thread-59] INFO Election - M4 received message: {"Sender-ID": "M7", "Message-Type": "Accept", "Proposal-Number": "1", "Candidate": "M1"}
[Thread-61] INFO Election - M8 is working. Responding: true
[Thread-57] INFO Election - M6 received message: {"Sender-ID": "M5", "Message-Type": "Accept", "Proposal-Number": "1", "Candidate": "M1"}
[Thread-61] INFO Election - M8 received message: {"Sender-ID": "M3", "Message-Type": "Accept", "Proposal-Number": "1", "Candidate": "M1"}
[Thread-62] INFO Election - M1 is working. Responding: true
[Thread-62] INFO Election - M1 received message: {"Sender-ID": "M8", "Message-Type": "Accept", "Proposal-Number": "1", "Candidate": "M1"}
[Thread-58] INFO Election - M7 received message: {"Sender-ID": "M4", "Message-Type": "Accept", "Proposal-Number": "1", "Candidate": "M1"}
[Thread-63] INFO Election - M1 is working. Responding: true
[Thread-60] INFO Election - M9 received message: {"Sender-ID": "M2", "Message-Type": "Accept", "Proposal-Number": "1", "Candidate": "M1"}
[Thread-63] INFO Election - M1 received message: {"Sender-ID": "M9", "Message-Type": "Accept", "Proposal-Number": "1", "Candidate": "M1"}
[pool-1-thread-8] INFO Election - Consensus reached on proposal: 1, candidate: M1! New president: M1
[pool-1-thread-10] INFO Election - Consensus reached on proposal: 1, candidate: M1! New president: M1
[pool-1-thread-3] INFO Election - Consensus reached on proposal: 1, candidate: M1! New president: M1
[pool-1-thread-10] INFO Election - Consensus reached on proposal: 1, candidate: M1! New president: M1
[pool-1-thread-8] INFO Election - Consensus reached on proposal: 1, candidate: M1! New president: M1
[pool-1-thread-3] INFO Election - Consensus reached on proposal: 1, candidate: M1! New president: M1
[pool-1-thread-10] INFO Election - Consensus reached on proposal: 1, candidate: M1! New president: M1
Member node: MM1 successfully shut down.
Member node: MM2 successfully shut down.
Member node: MM3 successfully shut down.
Member node: MM4 successfully shut down.
Member node: MM5 successfully shut down.
Member node: MM6 successfully shut down.
Member node: MM7 successfully shut down.
Member node: MM8 successfully shut down.
Member node: MM9 successfully shut down.
[main] INFO Election - Test 1 completed.
[main] INFO Election - Exiting...
